<?xml version="1.0" encoding="UTF-8"?>
<testsuite xmlns:xsi="http://www.w3.org/2001/XMLSchema-instance" xsi:noNamespaceSchemaLocation="https://maven.apache.org/surefire/maven-surefire-plugin/xsd/surefire-test-report.xsd" version="3.0.2" name="testRunner.TestRunner" time="63.26" tests="6" errors="0" skipped="0" failures="2">
  <properties>
    <property name="java.specification.version" value="17"/>
    <property name="sun.cpu.isalist" value="amd64"/>
    <property name="sun.jnu.encoding" value="Cp1252"/>
    <property name="java.class.path" value="D:\projects\opencart_cucumber\target\test-classes;D:\projects\opencart_cucumber\target\classes;C:\Users\MOHIT BADOLA\.m2\repository\org\seleniumhq\selenium\selenium-java\4.27.0\selenium-java-4.27.0.jar;C:\Users\MOHIT BADOLA\.m2\repository\org\seleniumhq\selenium\selenium-api\4.27.0\selenium-api-4.27.0.jar;C:\Users\MOHIT BADOLA\.m2\repository\org\jspecify\jspecify\1.0.0\jspecify-1.0.0.jar;C:\Users\MOHIT BADOLA\.m2\repository\org\seleniumhq\selenium\selenium-chrome-driver\4.27.0\selenium-chrome-driver-4.27.0.jar;C:\Users\MOHIT BADOLA\.m2\repository\com\google\auto\service\auto-service-annotations\1.1.1\auto-service-annotations-1.1.1.jar;C:\Users\MOHIT BADOLA\.m2\repository\org\seleniumhq\selenium\selenium-chromium-driver\4.27.0\selenium-chromium-driver-4.27.0.jar;C:\Users\MOHIT BADOLA\.m2\repository\org\seleniumhq\selenium\selenium-json\4.27.0\selenium-json-4.27.0.jar;C:\Users\MOHIT BADOLA\.m2\repository\org\seleniumhq\selenium\selenium-manager\4.27.0\selenium-manager-4.27.0.jar;C:\Users\MOHIT BADOLA\.m2\repository\org\seleniumhq\selenium\selenium-devtools-v129\4.27.0\selenium-devtools-v129-4.27.0.jar;C:\Users\MOHIT BADOLA\.m2\repository\org\seleniumhq\selenium\selenium-devtools-v130\4.27.0\selenium-devtools-v130-4.27.0.jar;C:\Users\MOHIT BADOLA\.m2\repository\org\seleniumhq\selenium\selenium-devtools-v131\4.27.0\selenium-devtools-v131-4.27.0.jar;C:\Users\MOHIT BADOLA\.m2\repository\org\seleniumhq\selenium\selenium-devtools-v85\4.27.0\selenium-devtools-v85-4.27.0.jar;C:\Users\MOHIT BADOLA\.m2\repository\org\seleniumhq\selenium\selenium-edge-driver\4.27.0\selenium-edge-driver-4.27.0.jar;C:\Users\MOHIT BADOLA\.m2\repository\org\seleniumhq\selenium\selenium-firefox-driver\4.27.0\selenium-firefox-driver-4.27.0.jar;C:\Users\MOHIT BADOLA\.m2\repository\org\seleniumhq\selenium\selenium-http\4.27.0\selenium-http-4.27.0.jar;C:\Users\MOHIT BADOLA\.m2\repository\dev\failsafe\failsafe\3.3.2\failsafe-3.3.2.jar;C:\Users\MOHIT BADOLA\.m2\repository\org\seleniumhq\selenium\selenium-ie-driver\4.27.0\selenium-ie-driver-4.27.0.jar;C:\Users\MOHIT BADOLA\.m2\repository\org\seleniumhq\selenium\selenium-remote-driver\4.27.0\selenium-remote-driver-4.27.0.jar;C:\Users\MOHIT BADOLA\.m2\repository\com\google\guava\guava\33.3.1-jre\guava-33.3.1-jre.jar;C:\Users\MOHIT BADOLA\.m2\repository\com\google\guava\failureaccess\1.0.2\failureaccess-1.0.2.jar;C:\Users\MOHIT BADOLA\.m2\repository\com\google\guava\listenablefuture\9999.0-empty-to-avoid-conflict-with-guava\listenablefuture-9999.0-empty-to-avoid-conflict-with-guava.jar;C:\Users\MOHIT BADOLA\.m2\repository\com\google\code\findbugs\jsr305\3.0.2\jsr305-3.0.2.jar;C:\Users\MOHIT BADOLA\.m2\repository\org\checkerframework\checker-qual\3.43.0\checker-qual-3.43.0.jar;C:\Users\MOHIT BADOLA\.m2\repository\com\google\errorprone\error_prone_annotations\2.28.0\error_prone_annotations-2.28.0.jar;C:\Users\MOHIT BADOLA\.m2\repository\com\google\j2objc\j2objc-annotations\3.0.0\j2objc-annotations-3.0.0.jar;C:\Users\MOHIT BADOLA\.m2\repository\io\opentelemetry\semconv\opentelemetry-semconv\1.25.0-alpha\opentelemetry-semconv-1.25.0-alpha.jar;C:\Users\MOHIT BADOLA\.m2\repository\io\opentelemetry\opentelemetry-api\1.44.1\opentelemetry-api-1.44.1.jar;C:\Users\MOHIT BADOLA\.m2\repository\io\opentelemetry\opentelemetry-context\1.44.1\opentelemetry-context-1.44.1.jar;C:\Users\MOHIT BADOLA\.m2\repository\io\opentelemetry\opentelemetry-exporter-logging\1.44.1\opentelemetry-exporter-logging-1.44.1.jar;C:\Users\MOHIT BADOLA\.m2\repository\io\opentelemetry\opentelemetry-sdk-common\1.44.1\opentelemetry-sdk-common-1.44.1.jar;C:\Users\MOHIT BADOLA\.m2\repository\io\opentelemetry\opentelemetry-sdk-extension-autoconfigure-spi\1.44.1\opentelemetry-sdk-extension-autoconfigure-spi-1.44.1.jar;C:\Users\MOHIT BADOLA\.m2\repository\io\opentelemetry\opentelemetry-sdk-extension-autoconfigure\1.44.1\opentelemetry-sdk-extension-autoconfigure-1.44.1.jar;C:\Users\MOHIT BADOLA\.m2\repository\io\opentelemetry\opentelemetry-api-incubator\1.44.1-alpha\opentelemetry-api-incubator-1.44.1-alpha.jar;C:\Users\MOHIT BADOLA\.m2\repository\io\opentelemetry\opentelemetry-sdk-trace\1.44.1\opentelemetry-sdk-trace-1.44.1.jar;C:\Users\MOHIT BADOLA\.m2\repository\io\opentelemetry\opentelemetry-sdk\1.44.1\opentelemetry-sdk-1.44.1.jar;C:\Users\MOHIT BADOLA\.m2\repository\io\opentelemetry\opentelemetry-sdk-metrics\1.44.1\opentelemetry-sdk-metrics-1.44.1.jar;C:\Users\MOHIT BADOLA\.m2\repository\io\opentelemetry\opentelemetry-sdk-logs\1.44.1\opentelemetry-sdk-logs-1.44.1.jar;C:\Users\MOHIT BADOLA\.m2\repository\net\bytebuddy\byte-buddy\1.15.10\byte-buddy-1.15.10.jar;C:\Users\MOHIT BADOLA\.m2\repository\org\seleniumhq\selenium\selenium-os\4.27.0\selenium-os-4.27.0.jar;C:\Users\MOHIT BADOLA\.m2\repository\org\apache\commons\commons-exec\1.4.0\commons-exec-1.4.0.jar;C:\Users\MOHIT BADOLA\.m2\repository\org\seleniumhq\selenium\selenium-safari-driver\4.27.0\selenium-safari-driver-4.27.0.jar;C:\Users\MOHIT BADOLA\.m2\repository\org\seleniumhq\selenium\selenium-support\4.27.0\selenium-support-4.27.0.jar;C:\Users\MOHIT BADOLA\.m2\repository\io\cucumber\cucumber-java\7.20.1\cucumber-java-7.20.1.jar;C:\Users\MOHIT BADOLA\.m2\repository\io\cucumber\cucumber-core\7.20.1\cucumber-core-7.20.1.jar;C:\Users\MOHIT BADOLA\.m2\repository\io\cucumber\cucumber-gherkin\7.20.1\cucumber-gherkin-7.20.1.jar;C:\Users\MOHIT BADOLA\.m2\repository\io\cucumber\cucumber-gherkin-messages\7.20.1\cucumber-gherkin-messages-7.20.1.jar;C:\Users\MOHIT BADOLA\.m2\repository\io\cucumber\gherkin\28.0.0\gherkin-28.0.0.jar;C:\Users\MOHIT BADOLA\.m2\repository\io\cucumber\messages\24.1.0\messages-24.1.0.jar;C:\Users\MOHIT BADOLA\.m2\repository\io\cucumber\testng-xml-formatter\0.2.0\testng-xml-formatter-0.2.0.jar;C:\Users\MOHIT BADOLA\.m2\repository\io\cucumber\query\12.2.0\query-12.2.0.jar;C:\Users\MOHIT BADOLA\.m2\repository\io\cucumber\tag-expressions\6.1.0\tag-expressions-6.1.0.jar;C:\Users\MOHIT BADOLA\.m2\repository\io\cucumber\cucumber-expressions\17.1.0\cucumber-expressions-17.1.0.jar;C:\Users\MOHIT BADOLA\.m2\repository\io\cucumber\datatable\7.20.1\datatable-7.20.1.jar;C:\Users\MOHIT BADOLA\.m2\repository\io\cucumber\cucumber-plugin\7.20.1\cucumber-plugin-7.20.1.jar;C:\Users\MOHIT BADOLA\.m2\repository\io\cucumber\docstring\7.20.1\docstring-7.20.1.jar;C:\Users\MOHIT BADOLA\.m2\repository\io\cucumber\html-formatter\21.7.0\html-formatter-21.7.0.jar;C:\Users\MOHIT BADOLA\.m2\repository\io\cucumber\junit-xml-formatter\0.5.0\junit-xml-formatter-0.5.0.jar;C:\Users\MOHIT BADOLA\.m2\repository\io\cucumber\ci-environment\10.0.1\ci-environment-10.0.1.jar;C:\Users\MOHIT BADOLA\.m2\repository\org\apiguardian\apiguardian-api\1.1.2\apiguardian-api-1.1.2.jar;C:\Users\MOHIT BADOLA\.m2\repository\io\cucumber\cucumber-junit\7.20.1\cucumber-junit-7.20.1.jar;C:\Users\MOHIT BADOLA\.m2\repository\junit\junit\4.13.2\junit-4.13.2.jar;C:\Users\MOHIT BADOLA\.m2\repository\org\hamcrest\hamcrest-core\1.3\hamcrest-core-1.3.jar;C:\Users\MOHIT BADOLA\.m2\repository\commons-io\commons-io\2.18.0\commons-io-2.18.0.jar;C:\Users\MOHIT BADOLA\.m2\repository\org\apache\commons\commons-lang3\3.17.0\commons-lang3-3.17.0.jar;C:\Users\MOHIT BADOLA\.m2\repository\org\apache\poi\poi\5.3.0\poi-5.3.0.jar;C:\Users\MOHIT BADOLA\.m2\repository\commons-codec\commons-codec\1.17.0\commons-codec-1.17.0.jar;C:\Users\MOHIT BADOLA\.m2\repository\org\apache\commons\commons-collections4\4.4\commons-collections4-4.4.jar;C:\Users\MOHIT BADOLA\.m2\repository\org\apache\commons\commons-math3\3.6.1\commons-math3-3.6.1.jar;C:\Users\MOHIT BADOLA\.m2\repository\com\zaxxer\SparseBitSet\1.3\SparseBitSet-1.3.jar;C:\Users\MOHIT BADOLA\.m2\repository\org\apache\poi\poi-ooxml\5.3.0\poi-ooxml-5.3.0.jar;C:\Users\MOHIT BADOLA\.m2\repository\org\apache\poi\poi-ooxml-lite\5.3.0\poi-ooxml-lite-5.3.0.jar;C:\Users\MOHIT BADOLA\.m2\repository\org\apache\xmlbeans\xmlbeans\5.2.1\xmlbeans-5.2.1.jar;C:\Users\MOHIT BADOLA\.m2\repository\org\apache\commons\commons-compress\1.26.2\commons-compress-1.26.2.jar;C:\Users\MOHIT BADOLA\.m2\repository\com\github\virtuald\curvesapi\1.08\curvesapi-1.08.jar;C:\Users\MOHIT BADOLA\.m2\repository\org\apache\logging\log4j\log4j-core\2.24.2\log4j-core-2.24.2.jar;C:\Users\MOHIT BADOLA\.m2\repository\org\apache\logging\log4j\log4j-api\2.24.2\log4j-api-2.24.2.jar;C:\Users\MOHIT BADOLA\.m2\repository\tech\grasshopper\extentreports-cucumber7-adapter\1.14.0\extentreports-cucumber7-adapter-1.14.0.jar;C:\Users\MOHIT BADOLA\.m2\repository\com\aventstack\extentreports\5.1.0\extentreports-5.1.0.jar;C:\Users\MOHIT BADOLA\.m2\repository\io\reactivex\rxjava3\rxjava\3.1.6\rxjava-3.1.6.jar;C:\Users\MOHIT BADOLA\.m2\repository\org\reactivestreams\reactive-streams\1.0.4\reactive-streams-1.0.4.jar;C:\Users\MOHIT BADOLA\.m2\repository\org\freemarker\freemarker\2.3.32\freemarker-2.3.32.jar;C:\Users\MOHIT BADOLA\.m2\repository\org\projectlombok\lombok\1.18.26\lombok-1.18.26.jar;C:\Users\MOHIT BADOLA\.m2\repository\com\google\code\gson\gson\2.10.1\gson-2.10.1.jar;C:\Users\MOHIT BADOLA\.m2\repository\tech\grasshopper\extent-pdf-report\2.12.0\extent-pdf-report-2.12.0.jar;C:\Users\MOHIT BADOLA\.m2\repository\tech\grasshopper\cucumber-pdf-report\2.14.0\cucumber-pdf-report-2.14.0.jar;C:\Users\MOHIT BADOLA\.m2\repository\org\apache\pdfbox\pdfbox\2.0.26\pdfbox-2.0.26.jar;C:\Users\MOHIT BADOLA\.m2\repository\org\apache\pdfbox\fontbox\2.0.26\fontbox-2.0.26.jar;C:\Users\MOHIT BADOLA\.m2\repository\org\knowm\xchart\xchart\3.8.0\xchart-3.8.0.jar;C:\Users\MOHIT BADOLA\.m2\repository\de\erichseifert\vectorgraphics2d\VectorGraphics2D\0.13\VectorGraphics2D-0.13.jar;C:\Users\MOHIT BADOLA\.m2\repository\de\rototor\pdfbox\graphics2d\0.30\graphics2d-0.30.jar;C:\Users\MOHIT BADOLA\.m2\repository\com\madgag\animated-gif-lib\1.4\animated-gif-lib-1.4.jar;C:\Users\MOHIT BADOLA\.m2\repository\org\yaml\snakeyaml\2.0\snakeyaml-2.0.jar;C:\Users\MOHIT BADOLA\.m2\repository\tech\grasshopper\table-layout\1.5.1\table-layout-1.5.1.jar;C:\Users\MOHIT BADOLA\.m2\repository\tech\grasshopper\rest-assured-cucumber-pdf-report\1.5.0\rest-assured-cucumber-pdf-report-1.5.0.jar;C:\Users\MOHIT BADOLA\.m2\repository\org\jsoup\jsoup\1.15.3\jsoup-1.15.3.jar;C:\Users\MOHIT BADOLA\.m2\repository\com\aventstack\klov-reporter\5.1.0\klov-reporter-5.1.0.jar;C:\Users\MOHIT BADOLA\.m2\repository\org\mongodb\mongodb-driver\3.6.4\mongodb-driver-3.6.4.jar;C:\Users\MOHIT BADOLA\.m2\repository\org\mongodb\mongodb-driver-core\3.6.4\mongodb-driver-core-3.6.4.jar;C:\Users\MOHIT BADOLA\.m2\repository\org\mongodb\bson\3.6.4\bson-3.6.4.jar;C:\Users\MOHIT BADOLA\.m2\repository\org\apache\httpcomponents\httpclient\4.5.13\httpclient-4.5.13.jar;C:\Users\MOHIT BADOLA\.m2\repository\org\apache\httpcomponents\httpcore\4.4.13\httpcore-4.4.13.jar;C:\Users\MOHIT BADOLA\.m2\repository\commons-logging\commons-logging\1.2\commons-logging-1.2.jar;C:\Users\MOHIT BADOLA\.m2\repository\org\apache\httpcomponents\httpmime\4.5.13\httpmime-4.5.13.jar;C:\Users\MOHIT BADOLA\.m2\repository\tech\grasshopper\htmlextentreporter\1.1.0\htmlextentreporter-1.1.0.jar;C:\Users\MOHIT BADOLA\.m2\repository\tech\grasshopper\extent-excel-report\1.4.0\extent-excel-report-1.4.0.jar;"/>
    <property name="java.vm.vendor" value="Oracle Corporation"/>
    <property name="sun.arch.data.model" value="64"/>
    <property name="user.variant" value=""/>
    <property name="java.vendor.url" value="https://java.oracle.com/"/>
    <property name="user.timezone" value="Asia/Calcutta"/>
    <property name="os.name" value="Windows 10"/>
    <property name="java.vm.specification.version" value="17"/>
    <property name="sun.java.launcher" value="SUN_STANDARD"/>
    <property name="user.country" value="IN"/>
    <property name="sun.boot.library.path" value="C:\Program Files\Java\jdk-17\bin"/>
    <property name="sun.java.command" value="C:\Users\MOHIT BADOLA\AppData\Local\Temp\surefire6612421389886525711\surefirebooter-20241213135907832_3.jar C:\Users\MOHIT BADOLA\AppData\Local\Temp\surefire6612421389886525711 2024-12-13T13-59-07_447-jvmRun1 surefire-20241213135907832_1tmp surefire_0-20241213135907832_2tmp"/>
    <property name="jdk.debug" value="release"/>
    <property name="surefire.test.class.path" value="D:\projects\opencart_cucumber\target\test-classes;D:\projects\opencart_cucumber\target\classes;C:\Users\MOHIT BADOLA\.m2\repository\org\seleniumhq\selenium\selenium-java\4.27.0\selenium-java-4.27.0.jar;C:\Users\MOHIT BADOLA\.m2\repository\org\seleniumhq\selenium\selenium-api\4.27.0\selenium-api-4.27.0.jar;C:\Users\MOHIT BADOLA\.m2\repository\org\jspecify\jspecify\1.0.0\jspecify-1.0.0.jar;C:\Users\MOHIT BADOLA\.m2\repository\org\seleniumhq\selenium\selenium-chrome-driver\4.27.0\selenium-chrome-driver-4.27.0.jar;C:\Users\MOHIT BADOLA\.m2\repository\com\google\auto\service\auto-service-annotations\1.1.1\auto-service-annotations-1.1.1.jar;C:\Users\MOHIT BADOLA\.m2\repository\org\seleniumhq\selenium\selenium-chromium-driver\4.27.0\selenium-chromium-driver-4.27.0.jar;C:\Users\MOHIT BADOLA\.m2\repository\org\seleniumhq\selenium\selenium-json\4.27.0\selenium-json-4.27.0.jar;C:\Users\MOHIT BADOLA\.m2\repository\org\seleniumhq\selenium\selenium-manager\4.27.0\selenium-manager-4.27.0.jar;C:\Users\MOHIT BADOLA\.m2\repository\org\seleniumhq\selenium\selenium-devtools-v129\4.27.0\selenium-devtools-v129-4.27.0.jar;C:\Users\MOHIT BADOLA\.m2\repository\org\seleniumhq\selenium\selenium-devtools-v130\4.27.0\selenium-devtools-v130-4.27.0.jar;C:\Users\MOHIT BADOLA\.m2\repository\org\seleniumhq\selenium\selenium-devtools-v131\4.27.0\selenium-devtools-v131-4.27.0.jar;C:\Users\MOHIT BADOLA\.m2\repository\org\seleniumhq\selenium\selenium-devtools-v85\4.27.0\selenium-devtools-v85-4.27.0.jar;C:\Users\MOHIT BADOLA\.m2\repository\org\seleniumhq\selenium\selenium-edge-driver\4.27.0\selenium-edge-driver-4.27.0.jar;C:\Users\MOHIT BADOLA\.m2\repository\org\seleniumhq\selenium\selenium-firefox-driver\4.27.0\selenium-firefox-driver-4.27.0.jar;C:\Users\MOHIT BADOLA\.m2\repository\org\seleniumhq\selenium\selenium-http\4.27.0\selenium-http-4.27.0.jar;C:\Users\MOHIT BADOLA\.m2\repository\dev\failsafe\failsafe\3.3.2\failsafe-3.3.2.jar;C:\Users\MOHIT BADOLA\.m2\repository\org\seleniumhq\selenium\selenium-ie-driver\4.27.0\selenium-ie-driver-4.27.0.jar;C:\Users\MOHIT BADOLA\.m2\repository\org\seleniumhq\selenium\selenium-remote-driver\4.27.0\selenium-remote-driver-4.27.0.jar;C:\Users\MOHIT BADOLA\.m2\repository\com\google\guava\guava\33.3.1-jre\guava-33.3.1-jre.jar;C:\Users\MOHIT BADOLA\.m2\repository\com\google\guava\failureaccess\1.0.2\failureaccess-1.0.2.jar;C:\Users\MOHIT BADOLA\.m2\repository\com\google\guava\listenablefuture\9999.0-empty-to-avoid-conflict-with-guava\listenablefuture-9999.0-empty-to-avoid-conflict-with-guava.jar;C:\Users\MOHIT BADOLA\.m2\repository\com\google\code\findbugs\jsr305\3.0.2\jsr305-3.0.2.jar;C:\Users\MOHIT BADOLA\.m2\repository\org\checkerframework\checker-qual\3.43.0\checker-qual-3.43.0.jar;C:\Users\MOHIT BADOLA\.m2\repository\com\google\errorprone\error_prone_annotations\2.28.0\error_prone_annotations-2.28.0.jar;C:\Users\MOHIT BADOLA\.m2\repository\com\google\j2objc\j2objc-annotations\3.0.0\j2objc-annotations-3.0.0.jar;C:\Users\MOHIT BADOLA\.m2\repository\io\opentelemetry\semconv\opentelemetry-semconv\1.25.0-alpha\opentelemetry-semconv-1.25.0-alpha.jar;C:\Users\MOHIT BADOLA\.m2\repository\io\opentelemetry\opentelemetry-api\1.44.1\opentelemetry-api-1.44.1.jar;C:\Users\MOHIT BADOLA\.m2\repository\io\opentelemetry\opentelemetry-context\1.44.1\opentelemetry-context-1.44.1.jar;C:\Users\MOHIT BADOLA\.m2\repository\io\opentelemetry\opentelemetry-exporter-logging\1.44.1\opentelemetry-exporter-logging-1.44.1.jar;C:\Users\MOHIT BADOLA\.m2\repository\io\opentelemetry\opentelemetry-sdk-common\1.44.1\opentelemetry-sdk-common-1.44.1.jar;C:\Users\MOHIT BADOLA\.m2\repository\io\opentelemetry\opentelemetry-sdk-extension-autoconfigure-spi\1.44.1\opentelemetry-sdk-extension-autoconfigure-spi-1.44.1.jar;C:\Users\MOHIT BADOLA\.m2\repository\io\opentelemetry\opentelemetry-sdk-extension-autoconfigure\1.44.1\opentelemetry-sdk-extension-autoconfigure-1.44.1.jar;C:\Users\MOHIT BADOLA\.m2\repository\io\opentelemetry\opentelemetry-api-incubator\1.44.1-alpha\opentelemetry-api-incubator-1.44.1-alpha.jar;C:\Users\MOHIT BADOLA\.m2\repository\io\opentelemetry\opentelemetry-sdk-trace\1.44.1\opentelemetry-sdk-trace-1.44.1.jar;C:\Users\MOHIT BADOLA\.m2\repository\io\opentelemetry\opentelemetry-sdk\1.44.1\opentelemetry-sdk-1.44.1.jar;C:\Users\MOHIT BADOLA\.m2\repository\io\opentelemetry\opentelemetry-sdk-metrics\1.44.1\opentelemetry-sdk-metrics-1.44.1.jar;C:\Users\MOHIT BADOLA\.m2\repository\io\opentelemetry\opentelemetry-sdk-logs\1.44.1\opentelemetry-sdk-logs-1.44.1.jar;C:\Users\MOHIT BADOLA\.m2\repository\net\bytebuddy\byte-buddy\1.15.10\byte-buddy-1.15.10.jar;C:\Users\MOHIT BADOLA\.m2\repository\org\seleniumhq\selenium\selenium-os\4.27.0\selenium-os-4.27.0.jar;C:\Users\MOHIT BADOLA\.m2\repository\org\apache\commons\commons-exec\1.4.0\commons-exec-1.4.0.jar;C:\Users\MOHIT BADOLA\.m2\repository\org\seleniumhq\selenium\selenium-safari-driver\4.27.0\selenium-safari-driver-4.27.0.jar;C:\Users\MOHIT BADOLA\.m2\repository\org\seleniumhq\selenium\selenium-support\4.27.0\selenium-support-4.27.0.jar;C:\Users\MOHIT BADOLA\.m2\repository\io\cucumber\cucumber-java\7.20.1\cucumber-java-7.20.1.jar;C:\Users\MOHIT BADOLA\.m2\repository\io\cucumber\cucumber-core\7.20.1\cucumber-core-7.20.1.jar;C:\Users\MOHIT BADOLA\.m2\repository\io\cucumber\cucumber-gherkin\7.20.1\cucumber-gherkin-7.20.1.jar;C:\Users\MOHIT BADOLA\.m2\repository\io\cucumber\cucumber-gherkin-messages\7.20.1\cucumber-gherkin-messages-7.20.1.jar;C:\Users\MOHIT BADOLA\.m2\repository\io\cucumber\gherkin\28.0.0\gherkin-28.0.0.jar;C:\Users\MOHIT BADOLA\.m2\repository\io\cucumber\messages\24.1.0\messages-24.1.0.jar;C:\Users\MOHIT BADOLA\.m2\repository\io\cucumber\testng-xml-formatter\0.2.0\testng-xml-formatter-0.2.0.jar;C:\Users\MOHIT BADOLA\.m2\repository\io\cucumber\query\12.2.0\query-12.2.0.jar;C:\Users\MOHIT BADOLA\.m2\repository\io\cucumber\tag-expressions\6.1.0\tag-expressions-6.1.0.jar;C:\Users\MOHIT BADOLA\.m2\repository\io\cucumber\cucumber-expressions\17.1.0\cucumber-expressions-17.1.0.jar;C:\Users\MOHIT BADOLA\.m2\repository\io\cucumber\datatable\7.20.1\datatable-7.20.1.jar;C:\Users\MOHIT BADOLA\.m2\repository\io\cucumber\cucumber-plugin\7.20.1\cucumber-plugin-7.20.1.jar;C:\Users\MOHIT BADOLA\.m2\repository\io\cucumber\docstring\7.20.1\docstring-7.20.1.jar;C:\Users\MOHIT BADOLA\.m2\repository\io\cucumber\html-formatter\21.7.0\html-formatter-21.7.0.jar;C:\Users\MOHIT BADOLA\.m2\repository\io\cucumber\junit-xml-formatter\0.5.0\junit-xml-formatter-0.5.0.jar;C:\Users\MOHIT BADOLA\.m2\repository\io\cucumber\ci-environment\10.0.1\ci-environment-10.0.1.jar;C:\Users\MOHIT BADOLA\.m2\repository\org\apiguardian\apiguardian-api\1.1.2\apiguardian-api-1.1.2.jar;C:\Users\MOHIT BADOLA\.m2\repository\io\cucumber\cucumber-junit\7.20.1\cucumber-junit-7.20.1.jar;C:\Users\MOHIT BADOLA\.m2\repository\junit\junit\4.13.2\junit-4.13.2.jar;C:\Users\MOHIT BADOLA\.m2\repository\org\hamcrest\hamcrest-core\1.3\hamcrest-core-1.3.jar;C:\Users\MOHIT BADOLA\.m2\repository\commons-io\commons-io\2.18.0\commons-io-2.18.0.jar;C:\Users\MOHIT BADOLA\.m2\repository\org\apache\commons\commons-lang3\3.17.0\commons-lang3-3.17.0.jar;C:\Users\MOHIT BADOLA\.m2\repository\org\apache\poi\poi\5.3.0\poi-5.3.0.jar;C:\Users\MOHIT BADOLA\.m2\repository\commons-codec\commons-codec\1.17.0\commons-codec-1.17.0.jar;C:\Users\MOHIT BADOLA\.m2\repository\org\apache\commons\commons-collections4\4.4\commons-collections4-4.4.jar;C:\Users\MOHIT BADOLA\.m2\repository\org\apache\commons\commons-math3\3.6.1\commons-math3-3.6.1.jar;C:\Users\MOHIT BADOLA\.m2\repository\com\zaxxer\SparseBitSet\1.3\SparseBitSet-1.3.jar;C:\Users\MOHIT BADOLA\.m2\repository\org\apache\poi\poi-ooxml\5.3.0\poi-ooxml-5.3.0.jar;C:\Users\MOHIT BADOLA\.m2\repository\org\apache\poi\poi-ooxml-lite\5.3.0\poi-ooxml-lite-5.3.0.jar;C:\Users\MOHIT BADOLA\.m2\repository\org\apache\xmlbeans\xmlbeans\5.2.1\xmlbeans-5.2.1.jar;C:\Users\MOHIT BADOLA\.m2\repository\org\apache\commons\commons-compress\1.26.2\commons-compress-1.26.2.jar;C:\Users\MOHIT BADOLA\.m2\repository\com\github\virtuald\curvesapi\1.08\curvesapi-1.08.jar;C:\Users\MOHIT BADOLA\.m2\repository\org\apache\logging\log4j\log4j-core\2.24.2\log4j-core-2.24.2.jar;C:\Users\MOHIT BADOLA\.m2\repository\org\apache\logging\log4j\log4j-api\2.24.2\log4j-api-2.24.2.jar;C:\Users\MOHIT BADOLA\.m2\repository\tech\grasshopper\extentreports-cucumber7-adapter\1.14.0\extentreports-cucumber7-adapter-1.14.0.jar;C:\Users\MOHIT BADOLA\.m2\repository\com\aventstack\extentreports\5.1.0\extentreports-5.1.0.jar;C:\Users\MOHIT BADOLA\.m2\repository\io\reactivex\rxjava3\rxjava\3.1.6\rxjava-3.1.6.jar;C:\Users\MOHIT BADOLA\.m2\repository\org\reactivestreams\reactive-streams\1.0.4\reactive-streams-1.0.4.jar;C:\Users\MOHIT BADOLA\.m2\repository\org\freemarker\freemarker\2.3.32\freemarker-2.3.32.jar;C:\Users\MOHIT BADOLA\.m2\repository\org\projectlombok\lombok\1.18.26\lombok-1.18.26.jar;C:\Users\MOHIT BADOLA\.m2\repository\com\google\code\gson\gson\2.10.1\gson-2.10.1.jar;C:\Users\MOHIT BADOLA\.m2\repository\tech\grasshopper\extent-pdf-report\2.12.0\extent-pdf-report-2.12.0.jar;C:\Users\MOHIT BADOLA\.m2\repository\tech\grasshopper\cucumber-pdf-report\2.14.0\cucumber-pdf-report-2.14.0.jar;C:\Users\MOHIT BADOLA\.m2\repository\org\apache\pdfbox\pdfbox\2.0.26\pdfbox-2.0.26.jar;C:\Users\MOHIT BADOLA\.m2\repository\org\apache\pdfbox\fontbox\2.0.26\fontbox-2.0.26.jar;C:\Users\MOHIT BADOLA\.m2\repository\org\knowm\xchart\xchart\3.8.0\xchart-3.8.0.jar;C:\Users\MOHIT BADOLA\.m2\repository\de\erichseifert\vectorgraphics2d\VectorGraphics2D\0.13\VectorGraphics2D-0.13.jar;C:\Users\MOHIT BADOLA\.m2\repository\de\rototor\pdfbox\graphics2d\0.30\graphics2d-0.30.jar;C:\Users\MOHIT BADOLA\.m2\repository\com\madgag\animated-gif-lib\1.4\animated-gif-lib-1.4.jar;C:\Users\MOHIT BADOLA\.m2\repository\org\yaml\snakeyaml\2.0\snakeyaml-2.0.jar;C:\Users\MOHIT BADOLA\.m2\repository\tech\grasshopper\table-layout\1.5.1\table-layout-1.5.1.jar;C:\Users\MOHIT BADOLA\.m2\repository\tech\grasshopper\rest-assured-cucumber-pdf-report\1.5.0\rest-assured-cucumber-pdf-report-1.5.0.jar;C:\Users\MOHIT BADOLA\.m2\repository\org\jsoup\jsoup\1.15.3\jsoup-1.15.3.jar;C:\Users\MOHIT BADOLA\.m2\repository\com\aventstack\klov-reporter\5.1.0\klov-reporter-5.1.0.jar;C:\Users\MOHIT BADOLA\.m2\repository\org\mongodb\mongodb-driver\3.6.4\mongodb-driver-3.6.4.jar;C:\Users\MOHIT BADOLA\.m2\repository\org\mongodb\mongodb-driver-core\3.6.4\mongodb-driver-core-3.6.4.jar;C:\Users\MOHIT BADOLA\.m2\repository\org\mongodb\bson\3.6.4\bson-3.6.4.jar;C:\Users\MOHIT BADOLA\.m2\repository\org\apache\httpcomponents\httpclient\4.5.13\httpclient-4.5.13.jar;C:\Users\MOHIT BADOLA\.m2\repository\org\apache\httpcomponents\httpcore\4.4.13\httpcore-4.4.13.jar;C:\Users\MOHIT BADOLA\.m2\repository\commons-logging\commons-logging\1.2\commons-logging-1.2.jar;C:\Users\MOHIT BADOLA\.m2\repository\org\apache\httpcomponents\httpmime\4.5.13\httpmime-4.5.13.jar;C:\Users\MOHIT BADOLA\.m2\repository\tech\grasshopper\htmlextentreporter\1.1.0\htmlextentreporter-1.1.0.jar;C:\Users\MOHIT BADOLA\.m2\repository\tech\grasshopper\extent-excel-report\1.4.0\extent-excel-report-1.4.0.jar;"/>
    <property name="sun.cpu.endian" value="little"/>
    <property name="user.home" value="C:\Users\MOHIT BADOLA"/>
    <property name="user.language" value="en"/>
    <property name="java.specification.vendor" value="Oracle Corporation"/>
    <property name="java.version.date" value="2021-09-14"/>
    <property name="java.home" value="C:\Program Files\Java\jdk-17"/>
    <property name="file.separator" value="\"/>
    <property name="basedir" value="D:\projects\opencart_cucumber"/>
    <property name="java.vm.compressedOopsMode" value="Zero based"/>
    <property name="line.separator" value="&#10;"/>
    <property name="java.vm.specification.vendor" value="Oracle Corporation"/>
    <property name="java.specification.name" value="Java Platform API Specification"/>
    <property name="surefire.real.class.path" value="C:\Users\MOHIT BADOLA\AppData\Local\Temp\surefire6612421389886525711\surefirebooter-20241213135907832_3.jar"/>
    <property name="user.script" value=""/>
    <property name="sun.management.compiler" value="HotSpot 64-Bit Tiered Compilers"/>
    <property name="java.runtime.version" value="17+35-LTS-2724"/>
    <property name="user.name" value="MOHIT BADOLA"/>
    <property name="path.separator" value=";"/>
    <property name="os.version" value="10.0"/>
    <property name="java.runtime.name" value="Java(TM) SE Runtime Environment"/>
    <property name="file.encoding" value="Cp1252"/>
    <property name="java.vm.name" value="Java HotSpot(TM) 64-Bit Server VM"/>
    <property name="localRepository" value="C:\Users\MOHIT BADOLA\.m2\repository"/>
    <property name="java.vendor.url.bug" value="https://bugreport.java.com/bugreport/"/>
    <property name="java.io.tmpdir" value="C:\Users\MOHITB~1\AppData\Local\Temp\"/>
    <property name="java.version" value="17"/>
    <property name="user.dir" value="D:\projects\opencart_cucumber"/>
    <property name="os.arch" value="amd64"/>
    <property name="java.vm.specification.name" value="Java Virtual Machine Specification"/>
    <property name="sun.os.patch.level" value=""/>
    <property name="native.encoding" value="Cp1252"/>
    <property name="java.library.path" value="C:\Program Files\Java\jdk-17\bin;C:\windows\Sun\Java\bin;C:\windows\system32;C:\windows;C:\Program Files\Common Files\Oracle\Java\javapath;C:\windows\system32;C:\windows;C:\windows\System32\Wbem;C:\windows\System32\WindowsPowerShell\v1.0\;C:\windows\System32\OpenSSH\;C:\Program Files (x86)\NVIDIA Corporation\PhysX\Common;C:\Program Files\Git\cmd;C:\Program Files (x86)\IVI Foundation\VISA\WinNT\Bin\;C:\Program Files\IVI Foundation\VISA\Win64\Bin\;C:\Program Files (x86)\IVI Foundation\VISA\WinNT\Bin;C:\Program Files\nodejs\;C:\Program Files\MySQL\MySQL Server 8.0\bin;C:\Program Files\NVIDIA Corporation\NVIDIA app\NvDLISR;C:\Program Files\Docker\Docker\resources\bin;C:\Program Files\apache-maven-3.9.9\bin;C:\Program Files\MySQL\MySQL Shell 8.0\bin\;C:\Users\MOHIT BADOLA\AppData\Local\Programs\Python\Python310\Scripts\;C:\Users\MOHIT BADOLA\AppData\Local\Programs\Python\Python310\;C:\Users\MOHIT BADOLA\AppData\Local\Microsoft\WindowsApps;C:\Users\MOHIT BADOLA\AppData\Local\Programs\Microsoft VS Code\bin;C:\Users\MOHIT BADOLA\AppData\Roaming\npm;C:\Users\MOHIT BADOLA\AppData\Local\GitHubDesktop\bin;."/>
    <property name="java.vm.info" value="mixed mode, sharing"/>
    <property name="java.vendor" value="Oracle Corporation"/>
    <property name="java.vm.version" value="17+35-LTS-2724"/>
    <property name="sun.io.unicode.encoding" value="UnicodeLittle"/>
    <property name="java.class.version" value="61.0"/>
  </properties>
  <testcase name="Login Data Driven Excel #1" classname="Login Data Driven with Excel" time="5.82">
    <system-out><![CDATA[
Scenario Outline: Login Data Driven Excel                                                                   # Features/LoginDDTExcel.feature:9
  Given the user navigates to login page                                                                    # stepDefinitions.LoginSteps.user_navigate_to_login_page()
target page: true
  Then the user should be redirected to the MyAccount Page by passing email and password with excel row "1" # stepDefinitions.LoginSteps.check_user_navigates_to_my_account_page_by_passing_email_and_password_with_excel_data(java.lang.String)
]]></system-out>
  </testcase>
  <testcase name="Login Data Driven Excel #2" classname="Login Data Driven with Excel" time="13.979">
    <system-out><![CDATA[
Scenario Outline: Login Data Driven Excel                                                                   # Features/LoginDDTExcel.feature:10
  Given the user navigates to login page                                                                    # stepDefinitions.LoginSteps.user_navigate_to_login_page()
target page: false
  Then the user should be redirected to the MyAccount Page by passing email and password with excel row "2" # stepDefinitions.LoginSteps.check_user_navigates_to_my_account_page_by_passing_email_and_password_with_excel_data(java.lang.String)
]]></system-out>
  </testcase>
  <testcase name="Login Data Driven Excel #3" classname="Login Data Driven with Excel" time="4.895">
    <failure type="java.lang.AssertionError"><![CDATA[java.lang.AssertionError
	at org.junit.Assert.fail(Assert.java:87)
	at org.junit.Assert.fail(Assert.java:96)
	at stepDefinitions.LoginSteps.check_user_navigates_to_my_account_page_by_passing_email_and_password_with_excel_data(LoginSteps.java:113)
	at ✽.the user should be redirected to the MyAccount Page by passing email and password with excel row "3"(file:///D:/projects/opencart_cucumber/./Features/LoginDDTExcel.feature:5)
]]></failure>
    <system-out><![CDATA[
Scenario Outline: Login Data Driven Excel                                                                   # Features/LoginDDTExcel.feature:11
  Given the user navigates to login page                                                                    # stepDefinitions.LoginSteps.user_navigate_to_login_page()
target page: true
  Then the user should be redirected to the MyAccount Page by passing email and password with excel row "3" # stepDefinitions.LoginSteps.check_user_navigates_to_my_account_page_by_passing_email_and_password_with_excel_data(java.lang.String)
      java.lang.AssertionError
	at org.junit.Assert.fail(Assert.java:87)
	at org.junit.Assert.fail(Assert.java:96)
	at stepDefinitions.LoginSteps.check_user_navigates_to_my_account_page_by_passing_email_and_password_with_excel_data(LoginSteps.java:113)
	at âœ½.the user should be redirected to the MyAccount Page by passing email and password with excel row "3"(file:///D:/projects/opencart_cucumber/./Features/LoginDDTExcel.feature:5)


    Embedding Login Data Driven Excel [image/png 112327 bytes]

]]></system-out>
  </testcase>
  <testcase name="Login Data Driven Excel #4" classname="Login Data Driven with Excel" time="15.727">
    <system-out><![CDATA[
Scenario Outline: Login Data Driven Excel                                                                   # Features/LoginDDTExcel.feature:12
  Given the user navigates to login page                                                                    # stepDefinitions.LoginSteps.user_navigate_to_login_page()
target page: false
  Then the user should be redirected to the MyAccount Page by passing email and password with excel row "4" # stepDefinitions.LoginSteps.check_user_navigates_to_my_account_page_by_passing_email_and_password_with_excel_data(java.lang.String)
]]></system-out>
  </testcase>
  <testcase name="Login Data Driven Excel #5" classname="Login Data Driven with Excel" time="14.278">
    <failure type="java.lang.AssertionError"><![CDATA[java.lang.AssertionError
	at org.junit.Assert.fail(Assert.java:87)
	at org.junit.Assert.fail(Assert.java:96)
	at stepDefinitions.LoginSteps.check_user_navigates_to_my_account_page_by_passing_email_and_password_with_excel_data(LoginSteps.java:104)
	at ✽.the user should be redirected to the MyAccount Page by passing email and password with excel row "5"(file:///D:/projects/opencart_cucumber/./Features/LoginDDTExcel.feature:5)
]]></failure>
    <system-out><![CDATA[
Scenario Outline: Login Data Driven Excel                                                                   # Features/LoginDDTExcel.feature:13
  Given the user navigates to login page                                                                    # stepDefinitions.LoginSteps.user_navigate_to_login_page()
target page: false
  Then the user should be redirected to the MyAccount Page by passing email and password with excel row "5" # stepDefinitions.LoginSteps.check_user_navigates_to_my_account_page_by_passing_email_and_password_with_excel_data(java.lang.String)
      java.lang.AssertionError
	at org.junit.Assert.fail(Assert.java:87)
	at org.junit.Assert.fail(Assert.java:96)
	at stepDefinitions.LoginSteps.check_user_navigates_to_my_account_page_by_passing_email_and_password_with_excel_data(LoginSteps.java:104)
	at âœ½.the user should be redirected to the MyAccount Page by passing email and password with excel row "5"(file:///D:/projects/opencart_cucumber/./Features/LoginDDTExcel.feature:5)


    Embedding Login Data Driven Excel [image/png 132242 bytes]

]]></system-out>
  </testcase>
  <testcase name="Login Data Driven Excel #6" classname="Login Data Driven with Excel" time="4.894">
    <system-out><![CDATA[
Scenario Outline: Login Data Driven Excel                                                                   # Features/LoginDDTExcel.feature:14
  Given the user navigates to login page                                                                    # stepDefinitions.LoginSteps.user_navigate_to_login_page()
target page: true
  Then the user should be redirected to the MyAccount Page by passing email and password with excel row "6" # stepDefinitions.LoginSteps.check_user_navigates_to_my_account_page_by_passing_email_and_password_with_excel_data(java.lang.String)
]]></system-out>
  </testcase>
</testsuite>